The system is: Windows - 10.0.17763 - AMD64
Compiling the C compiler identification source file "CMakeCCompilerId.c" succeeded.
Compiler: C:/Program Files/mingw-w64/x86_64-8.1.0-posix-seh-rt_v6-rev0/mingw64/bin/gcc.exe 
Build flags: 
Id flags:  

The output was:
0


Compilation of the C compiler identification source "CMakeCCompilerId.c" produced "a.exe"

The C compiler identification is GNU, found in "Z:/450/p3.1/cmake-build-debug/CMakeFiles/3.14.2/CompilerIdC/a.exe"

Compiling the CXX compiler identification source file "CMakeCXXCompilerId.cpp" succeeded.
Compiler: C:/Program Files/mingw-w64/x86_64-8.1.0-posix-seh-rt_v6-rev0/mingw64/bin/g++.exe 
Build flags: 
Id flags:  

The output was:
0


Compilation of the CXX compiler identification source "CMakeCXXCompilerId.cpp" produced "a.exe"

The CXX compiler identification is GNU, found in "Z:/450/p3.1/cmake-build-debug/CMakeFiles/3.14.2/CompilerIdCXX/a.exe"

Determining if the C compiler works passed with the following output:
Change Dir: Z:/450/p3.1/cmake-build-debug/CMakeFiles/CMakeTmp

Run Build Command(s):C:/PROGRA~1/MINGW-~1/X86_64~1.0-P/mingw64/bin/mingw32-make.exe cmTC_8884f/fast 
C:/PROGRA~1/MINGW-~1/X86_64~1.0-P/mingw64/bin/mingw32-make.exe -f CMakeFiles\cmTC_8884f.dir\build.make CMakeFiles/cmTC_8884f.dir/build
mingw32-make.exe[1]: Entering directory 'Z:/450/p3.1/cmake-build-debug/CMakeFiles/CMakeTmp'
Building C object CMakeFiles/cmTC_8884f.dir/testCCompiler.c.obj
C:\PROGRA~1\MINGW-~1\X86_64~1.0-P\mingw64\bin\gcc.exe    -o CMakeFiles\cmTC_8884f.dir\testCCompiler.c.obj   -c Z:\450\p3.1\cmake-build-debug\CMakeFiles\CMakeTmp\testCCompiler.c
Linking C executable cmTC_8884f.exe
"C:\Program Files\JetBrains\CLion 2018.3.4\bin\cmake\win\bin\cmake.exe" -E cmake_link_script CMakeFiles\cmTC_8884f.dir\link.txt --verbose=1
"C:\Program Files\JetBrains\CLion 2018.3.4\bin\cmake\win\bin\cmake.exe" -E remove -f CMakeFiles\cmTC_8884f.dir/objects.a
C:\PROGRA~1\MINGW-~1\X86_64~1.0-P\mingw64\bin\ar.exe cr CMakeFiles\cmTC_8884f.dir/objects.a @CMakeFiles\cmTC_8884f.dir\objects1.rsp
C:\PROGRA~1\MINGW-~1\X86_64~1.0-P\mingw64\bin\gcc.exe      -Wl,--whole-archive CMakeFiles\cmTC_8884f.dir/objects.a -Wl,--no-whole-archive  -o cmTC_8884f.exe -Wl,--out-implib,libcmTC_8884f.dll.a -Wl,--major-image-version,0,--minor-image-version,0 @CMakeFiles\cmTC_8884f.dir\linklibs.rsp
mingw32-make.exe[1]: Leaving directory 'Z:/450/p3.1/cmake-build-debug/CMakeFiles/CMakeTmp'


The system is: Windows - 10.0.17763 - AMD64
Compiling the C compiler identification source file "CMakeCCompilerId.c" succeeded.
Compiler: C:/Program Files/mingw-w64/x86_64-8.1.0-posix-seh-rt_v6-rev0/mingw64/bin/gcc.exe 
Build flags: 
Id flags:  

The output was:
0


Compilation of the C compiler identification source "CMakeCCompilerId.c" produced "a.exe"

The C compiler identification is GNU, found in "Z:/450/p3.1/cmake-build-debug/CMakeFiles/3.14.2/CompilerIdC/a.exe"

Compiling the CXX compiler identification source file "CMakeCXXCompilerId.cpp" succeeded.
Compiler: C:/Program Files/mingw-w64/x86_64-8.1.0-posix-seh-rt_v6-rev0/mingw64/bin/g++.exe 
Build flags: 
Id flags:  

The output was:
0


Compilation of the CXX compiler identification source "CMakeCXXCompilerId.cpp" produced "a.exe"

The CXX compiler identification is GNU, found in "Z:/450/p3.1/cmake-build-debug/CMakeFiles/3.14.2/CompilerIdCXX/a.exe"

Compiling the C compiler identification source file "CMakeCCompilerId.c" succeeded.
Compiler: C:/Program Files/mingw-w64/x86_64-8.1.0-posix-seh-rt_v6-rev0/mingw64/bin/gcc.exe 
Build flags: 
Id flags:  

The output was:
0


Compilation of the C compiler identification source "CMakeCCompilerId.c" produced "a.exe"

The C compiler identification is GNU, found in "Z:/450/p3.1/cmake-build-debug/CMakeFiles/3.14.2/CompilerIdC/a.exe"

Compiling the CXX compiler identification source file "CMakeCXXCompilerId.cpp" succeeded.
Compiler: C:/Program Files/mingw-w64/x86_64-8.1.0-posix-seh-rt_v6-rev0/mingw64/bin/g++.exe 
Build flags: 
Id flags:  

The output was:
0


Compilation of the CXX compiler identification source "CMakeCXXCompilerId.cpp" produced "a.exe"

The CXX compiler identification is GNU, found in "Z:/450/p3.1/cmake-build-debug/CMakeFiles/3.14.2/CompilerIdCXX/a.exe"

Determining if the C compiler works passed with the following output:
Change Dir: Z:/450/p3.1/cmake-build-debug/CMakeFiles/CMakeTmp

Run Build Command(s):C:/PROGRA~1/MINGW-~1/X86_64~1.0-P/mingw64/bin/mingw32-make.exe cmTC_8b9fb/fast 
C:/PROGRA~1/MINGW-~1/X86_64~1.0-P/mingw64/bin/mingw32-make.exe -f CMakeFiles\cmTC_8b9fb.dir\build.make CMakeFiles/cmTC_8b9fb.dir/build
mingw32-make.exe[1]: Entering directory 'Z:/450/p3.1/cmake-build-debug/CMakeFiles/CMakeTmp'
Building C object CMakeFiles/cmTC_8b9fb.dir/testCCompiler.c.obj
C:\PROGRA~1\MINGW-~1\X86_64~1.0-P\mingw64\bin\gcc.exe    -o CMakeFiles\cmTC_8b9fb.dir\testCCompiler.c.obj   -c Z:\450\p3.1\cmake-build-debug\CMakeFiles\CMakeTmp\testCCompiler.c
Linking C executable cmTC_8b9fb.exe
"C:\Program Files\JetBrains\CLion 2018.3.4\bin\cmake\win\bin\cmake.exe" -E cmake_link_script CMakeFiles\cmTC_8b9fb.dir\link.txt --verbose=1
"C:\Program Files\JetBrains\CLion 2018.3.4\bin\cmake\win\bin\cmake.exe" -E remove -f CMakeFiles\cmTC_8b9fb.dir/objects.a
C:\PROGRA~1\MINGW-~1\X86_64~1.0-P\mingw64\bin\ar.exe cr CMakeFiles\cmTC_8b9fb.dir/objects.a @CMakeFiles\cmTC_8b9fb.dir\objects1.rsp
C:\PROGRA~1\MINGW-~1\X86_64~1.0-P\mingw64\bin\gcc.exe      -Wl,--whole-archive CMakeFiles\cmTC_8b9fb.dir/objects.a -Wl,--no-whole-archive  -o cmTC_8b9fb.exe -Wl,--out-implib,libcmTC_8b9fb.dll.a -Wl,--major-image-version,0,--minor-image-version,0 @CMakeFiles\cmTC_8b9fb.dir\linklibs.rsp
mingw32-make.exe[1]: Leaving directory 'Z:/450/p3.1/cmake-build-debug/CMakeFiles/CMakeTmp'


